SF:lib\app\core\models\location\location_model.dart
DA:7,5
DA:12,1
DA:13,3
LF:3
LH:3
end_of_record
SF:lib\app\core\models\weather_forecast\weather_forecast_model.dart
DA:13,5
DA:22,2
DA:23,2
DA:24,2
DA:25,2
DA:26,2
DA:27,2
DA:28,2
DA:29,2
DA:32,1
DA:33,1
DA:34,2
DA:35,1
DA:37,3
DA:38,1
DA:40,1
DA:42,1
DA:43,3
DA:44,1
DA:45,3
DA:46,1
DA:47,3
DA:48,1
DA:49,3
DA:50,1
DA:51,3
DA:53,4
DA:54,1
DA:55,3
DA:56,1
DA:57,3
DA:58,1
DA:59,2
DA:60,1
DA:61,1
DA:62,2
DA:63,1
DA:64,1
DA:65,2
DA:66,1
DA:67,1
DA:68,3
DA:69,1
DA:70,2
DA:71,1
DA:75,1
DA:76,1
DA:77,1
DA:78,1
DA:79,1
DA:80,1
DA:85,1
DA:86,1
DA:87,1
DA:88,1
DA:89,1
DA:90,1
DA:91,1
DA:92,1
DA:93,2
DA:97,1
DA:98,1
DA:99,1
DA:100,1
DA:101,1
DA:102,1
DA:103,1
DA:104,3
LF:68
LH:68
end_of_record
SF:lib\app\core\services\local_storage\local_storage.dart
DA:17,0
DA:19,0
DA:22,0
DA:23,0
DA:24,0
DA:25,0
DA:26,0
DA:27,0
DA:28,0
DA:29,0
DA:30,0
DA:31,0
DA:33,0
DA:37,0
DA:38,0
DA:41,0
DA:42,0
DA:45,0
DA:47,0
DA:49,0
DA:52,0
DA:53,0
DA:57,0
DA:59,0
DA:62,0
DA:64,0
DA:65,0
DA:69,0
DA:71,0
DA:74,0
DA:76,0
DA:77,0
DA:81,0
DA:83,0
DA:86,0
DA:88,0
DA:89,0
DA:93,0
DA:95,0
DA:96,0
DA:97,0
DA:98,0
DA:99,0
DA:101,0
DA:105,0
DA:107,0
DA:110,0
DA:112,0
DA:115,0
DA:117,0
LF:50
LH:0
end_of_record
SF:lib\app\core\services\logger\logger_service.dart
DA:13,0
DA:14,0
DA:17,0
DA:18,0
DA:20,0
DA:21,0
DA:22,0
DA:23,0
DA:26,0
DA:29,0
DA:33,0
DA:36,0
DA:37,0
LF:13
LH:0
end_of_record
SF:lib\app\modules\home\infra\datasources\favorite_locations_datasource.dart
DA:18,1
DA:20,1
DA:23,2
DA:24,1
DA:26,1
DA:28,3
DA:29,3
DA:30,3
DA:32,2
DA:37,2
DA:38,2
DA:42,1
DA:46,5
DA:49,1
DA:51,2
DA:52,2
DA:56,1
DA:60,1
DA:62,1
DA:63,3
DA:64,8
DA:68,6
DA:70,2
DA:71,2
DA:75,1
DA:78,1
DA:80,3
DA:82,9
DA:85,5
DA:87,2
DA:88,2
LF:31
LH:31
end_of_record
SF:lib\app\modules\home\infra\errors\exceptions.dart
DA:4,4
DA:7,0
DA:8,0
DA:14,4
DA:16,0
DA:17,0
DA:23,1
DA:25,1
DA:26,2
DA:32,1
DA:35,0
DA:36,0
DA:42,1
DA:44,0
DA:45,0
DA:51,1
DA:53,0
DA:54,0
LF:18
LH:8
end_of_record
SF:lib\app\core\errors\exceptions.dart
DA:4,0
DA:6,0
DA:7,0
DA:13,0
DA:15,0
DA:16,0
DA:22,0
DA:23,0
LF:8
LH:0
end_of_record
SF:lib\app\core\models\weather_forecast\daily_weather_forecast_model.dart
DA:20,3
DA:37,1
DA:38,1
DA:39,1
DA:40,1
DA:41,1
DA:42,1
DA:43,1
DA:44,1
DA:45,1
DA:46,1
DA:47,1
DA:48,1
DA:49,1
DA:50,1
DA:51,1
DA:52,1
DA:55,0
DA:56,0
DA:57,0
DA:58,0
DA:59,0
DA:60,0
DA:61,0
DA:62,0
DA:63,0
DA:64,0
DA:65,0
DA:66,0
DA:67,0
DA:69,0
DA:70,0
DA:71,0
DA:75,0
DA:76,0
DA:77,0
DA:78,0
DA:79,0
DA:80,0
DA:81,0
DA:82,0
DA:83,0
DA:84,0
DA:85,0
DA:86,0
DA:87,0
DA:88,0
DA:89,0
DA:90,0
LF:49
LH:17
end_of_record
SF:lib\app\core\models\weather_forecast\weather_property_model.dart
DA:7,3
DA:12,1
DA:13,3
DA:15,0
DA:16,0
DA:17,0
DA:18,0
DA:22,1
DA:23,1
DA:24,1
DA:29,0
DA:30,0
DA:31,0
DA:32,0
LF:14
LH:6
end_of_record
SF:lib\app\core\models\position\position_model.dart
DA:7,3
DA:12,1
DA:13,3
DA:15,1
DA:16,1
DA:17,1
DA:18,1
LF:7
LH:7
end_of_record
SF:lib\app\core\models\response\rest_client_response.dart
DA:9,2
DA:16,0
DA:17,0
DA:18,0
DA:19,0
DA:20,0
DA:21,0
LF:7
LH:1
end_of_record
SF:lib\app\core\services\rest_client\rest_client.dart
DA:23,0
DA:24,0
DA:26,0
DA:27,0
DA:30,0
DA:31,0
DA:32,0
DA:38,0
DA:39,0
DA:45,0
DA:53,0
DA:55,0
DA:58,0
DA:61,0
DA:62,0
DA:63,0
DA:64,0
DA:67,0
DA:68,0
DA:69,0
DA:70,0
DA:71,0
DA:77,0
DA:86,0
DA:88,0
DA:92,0
DA:95,0
DA:96,0
DA:97,0
DA:98,0
DA:101,0
DA:102,0
DA:103,0
DA:104,0
DA:105,0
LF:35
LH:0
end_of_record
SF:lib\app\modules\home\infra\datasources\fetch_weather_datasource.dart
DA:21,1
DA:23,1
DA:26,2
DA:28,1
DA:29,1
DA:30,1
DA:31,1
DA:35,3
DA:37,2
DA:42,1
DA:45,2
DA:47,1
DA:48,1
DA:49,1
DA:54,1
DA:56,1
DA:58,1
DA:59,3
DA:64,2
LF:19
LH:19
end_of_record
SF:lib\app\core\utils\env_vars.dart
DA:2,0
DA:3,0
DA:4,1
DA:5,1
DA:6,0
LF:5
LH:2
end_of_record
SF:lib\app\core\utils\constants.dart
DA:22,0
DA:23,0
DA:29,0
DA:30,0
LF:4
LH:0
end_of_record
SF:lib\app\core\utils\parsers.dart
DA:5,1
DA:8,1
DA:9,3
DA:12,0
DA:13,0
LF:5
LH:3
end_of_record
SF:lib\app\core\errors\failures.dart
DA:6,7
DA:12,0
DA:14,0
DA:16,0
DA:17,0
DA:21,5
DA:23,0
DA:24,0
LF:8
LH:2
end_of_record
SF:lib\app\core\services\network_service\network_service.dart
DA:12,0
DA:13,0
DA:18,0
DA:19,0
DA:20,0
DA:21,0
DA:23,0
DA:29,0
DA:30,0
DA:32,0
DA:33,0
DA:34,0
DA:35,0
DA:36,0
DA:37,0
DA:38,0
DA:39,0
DA:41,0
DA:42,0
LF:19
LH:0
end_of_record
SF:lib\app\modules\home\infra\repositories\fetch_weather_repository.dart
DA:22,1
DA:29,1
DA:32,2
DA:34,2
DA:36,1
DA:39,2
DA:40,2
DA:43,7
DA:45,2
DA:47,0
DA:48,0
DA:53,1
DA:54,0
DA:55,0
DA:56,0
DA:57,0
DA:58,0
DA:59,0
LF:18
LH:10
end_of_record
SF:lib\app\modules\home\infra\errors\failures.dart
DA:8,0
DA:10,0
DA:11,0
DA:13,0
DA:14,0
DA:20,1
DA:22,1
DA:23,1
DA:25,0
DA:26,0
DA:30,1
DA:34,0
DA:35,0
DA:41,0
DA:42,0
DA:43,0
DA:45,0
DA:46,0
DA:52,0
DA:53,0
DA:54,0
DA:56,0
DA:57,0
DA:63,0
DA:64,0
DA:65,0
DA:67,0
DA:68,0
LF:28
LH:4
end_of_record
SF:lib\app\modules\home\presentation\stores\states\weather_states.dart
DA:19,2
DA:25,2
LF:2
LH:2
end_of_record
SF:lib\app\modules\home\presentation\stores\weather_store.dart
DA:14,1
DA:19,1
DA:21,2
DA:23,2
DA:25,1
DA:26,1
DA:27,1
DA:28,2
DA:30,3
DA:33,3
LF:10
LH:10
end_of_record
SF:lib\app\modules\home\presentation\stores\weather_store.g.dart
DA:12,1
DA:13,2
DA:15,1
DA:17,2
DA:18,1
DA:21,1
DA:23,4
DA:24,1
DA:28,1
DA:29,2
DA:31,1
DA:33,4
DA:36,0
DA:39,0
DA:40,0
LF:15
LH:12
end_of_record
SF:lib\app\core\states\general_state.dart
DA:4,0
DA:5,0
DA:7,0
DA:15,0
DA:16,0
DA:17,0
DA:18,0
DA:19,0
DA:20,0
DA:21,0
DA:22,0
DA:23,0
DA:24,0
DA:25,0
DA:26,0
DA:27,0
DA:28,0
DA:29,0
DA:31,0
DA:43,1
DA:50,1
LF:21
LH:2
end_of_record
SF:lib\app\app_module.dart
DA:15,0
DA:18,0
DA:21,0
DA:24,0
DA:25,0
DA:28,0
DA:31,0
DA:34,0
DA:35,0
DA:38,0
DA:40,0
DA:41,0
LF:12
LH:0
end_of_record
SF:lib\app\app_widget.dart
DA:12,1
DA:14,0
DA:15,0
DA:19,0
DA:21,0
DA:22,0
DA:23,0
DA:25,0
DA:26,0
DA:29,0
DA:31,0
DA:32,0
DA:33,0
DA:36,0
DA:37,0
DA:40,0
DA:42,0
DA:44,0
DA:45,0
DA:46,0
DA:47,0
DA:50,0
DA:54,0
DA:65,0
DA:72,1
DA:73,0
LF:26
LH:2
end_of_record
SF:lib\app\core\components\bottom_sheet\custom_bottom_sheet.dart
DA:10,0
DA:17,0
DA:19,0
DA:20,0
DA:21,0
DA:23,0
DA:25,0
DA:27,0
DA:28,0
DA:30,0
DA:32,0
DA:33,0
DA:34,0
DA:36,0
LF:14
LH:0
end_of_record
SF:lib\app\core\components\buttons\custom_button.dart
DA:11,0
DA:13,0
DA:15,0
DA:16,0
DA:17,0
DA:18,0
DA:19,0
DA:21,0
DA:22,0
DA:23,0
DA:24,0
DA:26,0
DA:29,0
DA:34,0
DA:35,0
DA:36,0
DA:37,0
DA:38,0
DA:39,0
DA:40,0
DA:41,0
DA:47,0
DA:48,0
DA:49,0
DA:50,0
DA:51,0
DA:52,0
DA:53,0
DA:57,0
DA:58,0
DA:59,0
DA:61,0
DA:63,0
DA:66,0
DA:68,0
DA:69,0
DA:70,0
DA:71,0
DA:76,0
DA:77,0
DA:78,0
DA:79,0
DA:81,0
DA:82,0
DA:83,0
DA:84,0
DA:86,0
DA:88,0
DA:93,0
DA:99,0
DA:100,0
DA:101,0
DA:102,0
DA:104,0
DA:105,0
DA:107,0
DA:108,0
DA:111,0
DA:116,0
DA:117,0
DA:118,0
DA:120,0
DA:121,0
DA:123,0
DA:124,0
DA:126,0
DA:127,0
DA:132,0
DA:133,0
DA:134,0
DA:135,0
DA:137,0
DA:138,0
DA:140,0
DA:141,0
DA:143,0
DA:144,0
DA:180,0
DA:196,0
DA:198,0
DA:199,0
DA:200,0
DA:201,0
DA:202,0
DA:203,0
DA:204,0
DA:205,0
DA:206,0
DA:207,0
DA:208,0
DA:209,0
DA:210,0
DA:211,0
DA:215,0
DA:230,0
DA:231,0
DA:232,0
DA:233,0
DA:234,0
DA:235,0
DA:236,0
DA:237,0
DA:238,0
DA:239,0
DA:240,0
DA:241,0
DA:242,0
LF:107
LH:0
end_of_record
SF:lib\app\core\components\structure\custom_app_bar.dart
DA:15,0
DA:23,0
DA:24,0
DA:28,0
DA:30,0
DA:34,0
DA:35,0
DA:36,0
DA:41,0
DA:43,0
DA:45,0
DA:46,0
DA:47,0
DA:48,0
DA:49,0
DA:50,0
DA:58,0
DA:64,0
DA:70,0
DA:72,0
DA:73,0
DA:75,0
DA:78,0
DA:79,0
DA:80,0
DA:82,0
LF:26
LH:0
end_of_record
SF:lib\app\core\components\structure\custom_scaffold.dart
DA:11,0
DA:20,0
DA:22,0
DA:23,0
DA:24,0
DA:26,0
DA:27,0
DA:28,0
DA:29,0
DA:30,0
DA:32,0
DA:33,0
LF:12
LH:0
end_of_record
SF:lib\app\core\components\structure\temporary_widget.dart
DA:12,3
DA:20,0
DA:25,0
DA:26,0
DA:27,0
DA:29,0
DA:30,0
DA:40,0
DA:41,0
DA:44,0
DA:45,0
DA:46,0
DA:47,0
DA:55,0
DA:56,0
DA:62,0
DA:64,0
DA:65,0
DA:71,0
DA:73,0
DA:75,0
LF:21
LH:1
end_of_record
SF:lib\app\core\components\text\custom_text.dart
DA:18,3
DA:31,0
DA:33,0
DA:34,0
DA:35,0
DA:37,0
DA:39,0
DA:41,0
DA:46,0
DA:47,0
DA:48,0
DA:50,0
DA:52,0
DA:54,0
DA:59,0
DA:60,0
DA:61,0
DA:62,0
DA:63,0
DA:64,0
DA:65,0
DA:66,0
DA:67,0
DA:68,0
DA:71,0
LF:25
LH:1
end_of_record
SF:lib\app\core\components\toasts\toasts.dart
DA:10,0
DA:12,0
DA:14,0
DA:16,0
DA:21,0
DA:23,0
DA:25,0
DA:27,0
DA:33,0
DA:40,0
DA:49,0
DA:56,0
DA:58,0
DA:63,0
DA:64,0
DA:65,0
DA:67,0
DA:69,0
DA:70,0
DA:72,0
DA:73,0
DA:85,0
LF:22
LH:0
end_of_record
SF:lib\app\core\models\country\country_model.dart
DA:7,0
DA:12,0
DA:13,0
DA:15,0
DA:16,0
DA:17,0
DA:18,0
DA:22,0
DA:26,0
DA:27,0
DA:28,0
LF:11
LH:0
end_of_record
SF:lib\app\core\routes\animated_route.dart
DA:3,0
DA:4,0
DA:7,0
DA:11,0
DA:12,0
DA:14,0
LF:6
LH:0
end_of_record
SF:lib\app\core\services\countries_service\countries_service.dart
DA:19,0
DA:20,0
DA:25,0
DA:26,0
DA:27,0
DA:29,0
DA:36,0
DA:37,0
DA:38,0
DA:42,0
DA:43,0
DA:44,0
DA:46,0
DA:48,0
DA:53,0
DA:56,0
DA:57,0
DA:63,0
DA:68,0
DA:69,0
DA:71,0
DA:72,0
DA:73,0
DA:79,0
DA:84,0
DA:86,0
DA:87,0
DA:88,0
LF:28
LH:0
end_of_record
SF:lib\app\core\services\location_service\location_service.dart
DA:24,0
DA:25,0
DA:29,0
DA:30,0
DA:31,0
DA:33,0
DA:45,0
DA:46,0
DA:48,0
DA:50,0
DA:51,0
DA:54,0
DA:56,0
DA:57,0
DA:60,0
DA:63,0
DA:66,0
DA:68,0
DA:69,0
DA:75,0
DA:80,0
DA:83,0
DA:85,0
DA:86,0
DA:89,0
DA:90,0
DA:92,0
DA:99,0
DA:102,0
DA:103,0
DA:105,0
DA:109,0
DA:110,0
DA:112,0
LF:34
LH:0
end_of_record
SF:lib\app\core\theme\app_colors.dart
DA:4,1
LF:1
LH:1
end_of_record
SF:lib\app\core\theme\status_bar_theme.dart
DA:5,0
DA:6,0
DA:7,0
DA:13,0
LF:4
LH:0
end_of_record
SF:lib\app\core\utils\date_extension.dart
DA:2,0
DA:4,0
DA:5,0
DA:6,0
DA:8,0
DA:10,0
DA:14,0
DA:16,0
DA:18,0
DA:20,0
LF:10
LH:0
end_of_record
SF:lib\app\core\utils\strings.dart
DA:1,0
DA:6,0
DA:7,0
DA:14,0
DA:15,0
LF:5
LH:0
end_of_record
SF:lib\app\modules\home\home_module.dart
DA:14,0
DA:15,0
DA:17,0
DA:20,0
DA:23,0
DA:24,0
DA:25,0
DA:28,0
DA:29,0
DA:30,0
DA:33,0
DA:35,0
DA:37,0
LF:13
LH:0
end_of_record
SF:lib\app\modules\home\infra\repositories\favorite_locations_repository.dart
DA:19,0
DA:21,0
DA:24,0
DA:26,0
DA:27,0
DA:30,0
DA:31,0
DA:32,0
DA:36,0
DA:40,0
DA:42,0
DA:43,0
DA:44,0
DA:48,0
DA:51,0
DA:53,0
DA:54,0
DA:55,0
LF:18
LH:0
end_of_record
SF:lib\app\modules\home\presentation\components\bottom_sheet\favorite_locations_bottom_sheet.dart
DA:10,0
DA:11,0
DA:13,0
DA:14,0
DA:16,0
DA:21,1
DA:23,0
DA:24,0
DA:31,0
DA:33,0
DA:34,0
DA:35,0
DA:36,0
DA:38,0
DA:40,0
DA:42,0
DA:49,0
DA:58,0
DA:59,0
DA:64,0
DA:66,0
DA:67,0
DA:68,0
DA:70,0
DA:71,0
DA:72,0
DA:77,0
DA:78,0
DA:82,0
DA:83,0
DA:84,0
DA:88,0
LF:32
LH:1
end_of_record
SF:lib\app\modules\home\presentation\components\bottom_sheet\location_bottom_sheet.dart
DA:13,0
DA:14,0
DA:17,0
DA:18,0
DA:20,0
DA:25,1
DA:27,0
DA:29,0
DA:31,0
DA:32,0
DA:34,0
DA:35,0
DA:36,0
DA:39,0
DA:40,0
DA:41,0
DA:42,0
DA:47,0
DA:48,0
DA:49,0
DA:50,0
DA:51,0
DA:52,0
DA:53,0
DA:54,0
DA:55,0
DA:59,0
DA:64,0
DA:65,0
DA:66,0
DA:67,0
DA:69,0
DA:71,0
LF:33
LH:1
end_of_record
SF:lib\app\modules\home\presentation\components\cards\first_card_weather_forecast.dart
DA:13,0
DA:15,0
DA:17,0
DA:19,0
DA:23,0
DA:25,0
DA:27,0
DA:29,0
DA:31,0
DA:32,0
DA:34,0
DA:35,0
DA:36,0
DA:40,0
DA:42,0
DA:43,0
DA:44,0
DA:50,0
DA:52,0
LF:19
LH:0
end_of_record
SF:lib\app\modules\home\presentation\components\cards\second_card_weather_forecast.dart
DA:13,0
DA:15,0
DA:17,0
DA:21,0
DA:24,0
DA:26,0
DA:28,0
DA:29,0
DA:31,0
DA:32,0
DA:34,0
DA:37,0
DA:39,0
DA:41,0
DA:43,0
DA:46,0
DA:48,0
DA:49,0
DA:50,0
DA:51,0
DA:54,0
DA:57,0
DA:64,0
DA:65,0
DA:66,0
DA:68,0
DA:71,0
LF:27
LH:0
end_of_record
SF:lib\app\modules\home\presentation\components\cards\third_card_weather_forecast.dart
DA:13,0
DA:15,0
DA:17,0
DA:18,0
DA:19,0
DA:20,0
DA:21,0
DA:22,0
DA:29,0
DA:36,0
DA:37,0
DA:38,0
DA:44,0
DA:45,0
DA:46,0
DA:48,0
DA:52,0
DA:54,0
DA:55,0
DA:56,0
DA:57,0
DA:68,0
DA:70,0
DA:71,0
DA:72,0
DA:73,0
DA:80,0
DA:81,0
LF:28
LH:0
end_of_record
SF:lib\app\modules\home\presentation\components\date_widget.dart
DA:11,0
DA:13,0
DA:15,0
DA:16,0
DA:17,0
DA:18,0
DA:22,0
DA:23,0
LF:8
LH:0
end_of_record
SF:lib\app\modules\home\presentation\components\favorite_widget.dart
DA:18,1
DA:23,0
DA:24,0
DA:32,0
DA:34,0
DA:36,0
DA:37,0
DA:38,0
DA:39,0
DA:41,0
DA:43,0
DA:48,0
DA:49,0
DA:50,0
DA:52,0
DA:53,0
DA:55,0
DA:56,0
DA:57,0
DA:63,0
DA:64,0
DA:65,0
DA:69,0
DA:73,0
DA:74,0
DA:76,0
DA:80,0
LF:27
LH:1
end_of_record
SF:lib\app\modules\home\presentation\components\structure\column_weather_property_widget.dart
DA:12,0
DA:19,0
DA:21,0
DA:22,0
DA:23,0
DA:24,0
DA:25,0
DA:28,0
DA:30,0
DA:31,0
DA:32,0
DA:34,0
LF:12
LH:0
end_of_record
SF:lib\app\modules\home\presentation\components\structure\row_weather_property_widget.dart
DA:12,0
DA:19,0
DA:21,0
DA:22,0
DA:23,0
DA:24,0
DA:25,0
DA:27,0
DA:29,0
DA:30,0
DA:31,0
DA:33,0
LF:12
LH:0
end_of_record
SF:lib\app\modules\home\presentation\components\text_field\location_text_field.dart
DA:12,0
DA:22,0
DA:23,0
DA:29,0
DA:31,0
DA:33,0
DA:34,0
DA:35,0
DA:36,0
DA:40,0
DA:42,0
DA:43,0
DA:44,0
DA:46,0
DA:47,0
DA:48,0
DA:53,0
DA:55,0
DA:56,0
DA:57,0
DA:58,0
DA:59,0
LF:22
LH:0
end_of_record
SF:lib\app\modules\home\presentation\enums\weather_condition.dart
DA:13,0
DA:15,0
DA:17,0
DA:19,0
DA:21,0
DA:23,0
DA:25,0
DA:27,0
DA:30,0
DA:34,0
DA:36,0
DA:38,0
DA:40,0
DA:42,0
DA:44,0
DA:46,0
DA:48,0
DA:51,0
DA:56,0
DA:57,0
DA:58,0
DA:62,0
DA:64,0
DA:66,0
DA:68,0
DA:70,0
LF:26
LH:0
end_of_record
SF:lib\app\modules\home\presentation\pages\home_page.dart
DA:28,1
DA:30,0
DA:31,0
DA:44,0
DA:46,0
DA:48,0
DA:50,0
DA:52,0
DA:53,0
DA:55,0
DA:57,0
DA:58,0
DA:59,0
DA:63,0
DA:64,0
DA:65,0
DA:66,0
DA:67,0
DA:73,0
DA:75,0
DA:76,0
DA:79,0
DA:80,0
DA:83,0
DA:84,0
DA:85,0
DA:86,0
DA:87,0
DA:93,0
DA:99,0
DA:101,0
DA:102,0
DA:103,0
DA:104,0
DA:105,0
DA:106,0
DA:108,0
DA:109,0
DA:112,0
DA:113,0
DA:118,0
DA:123,0
DA:124,0
DA:125,0
DA:126,0
DA:127,0
DA:134,0
DA:139,0
DA:144,0
DA:148,0
DA:149,0
DA:150,0
DA:151,0
DA:153,0
DA:154,0
DA:156,0
DA:157,0
DA:159,0
DA:165,0
DA:167,0
DA:168,0
DA:170,0
DA:172,0
DA:173,0
DA:174,0
DA:175,0
DA:176,0
DA:179,0
DA:180,0
DA:181,0
DA:182,0
DA:183,0
DA:184,0
DA:185,0
DA:186,0
DA:187,0
DA:188,0
DA:189,0
DA:190,0
DA:192,0
DA:194,0
DA:196,0
LF:82
LH:1
end_of_record
SF:lib\app\modules\home\presentation\pages\select_city_page.dart
DA:17,1
DA:19,0
DA:20,0
DA:26,0
DA:28,0
DA:29,0
DA:30,0
DA:31,0
DA:32,0
DA:33,0
DA:34,0
DA:35,0
DA:36,0
DA:38,0
DA:43,0
DA:45,0
DA:46,0
DA:48,0
DA:53,0
DA:54,0
DA:55,0
DA:56,0
DA:57,0
DA:59,0
DA:60,0
DA:64,0
DA:65,0
DA:72,0
DA:74,0
DA:75,0
DA:76,0
DA:77,0
DA:79,0
DA:80,0
DA:81,0
DA:83,0
DA:84,0
DA:88,0
DA:89,0
DA:90,0
DA:94,0
LF:41
LH:1
end_of_record
SF:lib\app\modules\home\presentation\pages\select_country_page.dart
DA:18,1
DA:20,0
DA:21,0
DA:27,0
DA:29,0
DA:30,0
DA:31,0
DA:32,0
DA:33,0
DA:34,0
DA:35,0
DA:36,0
DA:37,0
DA:39,0
DA:44,0
DA:46,0
DA:47,0
DA:49,0
DA:54,0
DA:55,0
DA:56,0
DA:57,0
DA:58,0
DA:60,0
DA:61,0
DA:65,0
DA:66,0
DA:73,0
DA:75,0
DA:76,0
DA:77,0
DA:78,0
DA:80,0
DA:81,0
DA:82,0
DA:84,0
DA:85,0
DA:86,0
DA:89,0
DA:90,0
DA:91,0
DA:95,0
LF:42
LH:1
end_of_record
SF:lib\app\modules\home\presentation\stores\favorite_locations_store.dart
DA:14,0
DA:15,0
DA:28,0
DA:30,0
DA:32,0
DA:34,0
DA:36,0
DA:37,0
DA:38,0
DA:39,0
DA:40,0
DA:45,0
DA:47,0
DA:49,0
DA:51,0
DA:52,0
DA:53,0
DA:54,0
DA:55,0
DA:56,0
DA:61,0
DA:63,0
DA:65,0
DA:67,0
DA:68,0
DA:69,0
DA:70,0
DA:71,0
DA:72,0
LF:29
LH:0
end_of_record
SF:lib\app\modules\home\presentation\stores\favorite_locations_store.g.dart
DA:16,0
DA:18,0
DA:19,0
DA:22,0
DA:24,0
DA:25,0
DA:26,0
DA:34,0
DA:36,0
DA:37,0
DA:40,0
DA:42,0
DA:43,0
DA:44,0
DA:51,0
DA:53,0
DA:54,0
DA:57,0
DA:59,0
DA:60,0
DA:68,0
DA:70,0
DA:71,0
DA:78,0
DA:81,0
DA:82,0
DA:89,0
DA:91,0
DA:92,0
DA:95,0
DA:98,0
DA:99,0
DA:100,0
DA:101,0
LF:34
LH:0
end_of_record
SF:lib\app\modules\home\presentation\stores\location_store.g.dart
DA:15,0
DA:17,0
DA:18,0
DA:21,0
DA:23,0
DA:24,0
DA:31,0
DA:33,0
DA:34,0
DA:37,0
DA:39,0
DA:40,0
DA:47,0
DA:48,0
DA:49,0
DA:52,0
DA:53,0
DA:55,0
DA:57,0
DA:58,0
DA:65,0
DA:66,0
DA:67,0
DA:70,0
DA:71,0
DA:73,0
DA:75,0
DA:76,0
DA:83,0
DA:85,0
DA:91,0
DA:93,0
DA:99,0
DA:101,0
DA:104,0
DA:106,0
DA:110,0
DA:112,0
DA:115,0
DA:117,0
DA:121,0
DA:123,0
DA:126,0
DA:128,0
DA:132,0
DA:135,0
DA:136,0
DA:137,0
LF:48
LH:0
end_of_record
SF:lib\app\modules\home\presentation\stores\location_store.dart
DA:18,0
DA:19,0
DA:22,0
DA:23,0
DA:24,0
DA:25,0
DA:26,0
DA:43,0
DA:45,0
DA:46,0
DA:49,0
DA:51,0
DA:54,0
DA:56,0
DA:57,0
DA:58,0
DA:59,0
DA:62,0
DA:64,0
DA:67,0
DA:68,0
DA:69,0
DA:70,0
DA:72,0
DA:76,0
DA:78,0
DA:80,0
DA:81,0
DA:87,0
DA:91,0
DA:92,0
DA:93,0
DA:94,0
DA:96,0
DA:100,0
DA:101,0
DA:102,0
DA:104,0
DA:105,0
DA:106,0
LF:40
LH:0
end_of_record
SF:lib\app\modules\home\presentation\stores\states\favorite_locations_states.dart
DA:18,0
DA:32,0
DA:39,0
LF:3
LH:0
end_of_record
SF:lib\app\modules\home\presentation\stores\states\location_states.dart
DA:18,0
DA:25,0
DA:40,0
DA:46,0
LF:4
LH:0
end_of_record
SF:lib\app\modules\splash\presentation\pages\splash_page.dart
DA:13,1
DA:15,0
DA:16,0
DA:27,0
DA:29,0
DA:31,0
DA:33,0
DA:37,0
DA:38,0
DA:40,0
DA:42,0
DA:43,0
DA:44,0
DA:49,0
DA:51,0
DA:52,0
DA:53,0
DA:54,0
DA:55,0
DA:56,0
DA:57,0
DA:59,0
DA:60,0
DA:61,0
DA:63,0
DA:64,0
LF:26
LH:1
end_of_record
SF:lib\app\modules\splash\presentation\stores\splash_store.dart
DA:12,0
DA:14,0
DA:15,0
DA:16,0
LF:4
LH:0
end_of_record
SF:lib\app\modules\splash\presentation\stores\splash_store.g.dart
DA:15,0
DA:16,0
DA:17,0
DA:20,0
DA:21,0
DA:23,0
DA:25,0
DA:26,0
DA:33,0
DA:35,0
DA:38,0
LF:11
LH:0
end_of_record
SF:lib\app\modules\splash\presentation\stores\states\splash_states.dart
DA:4,0
DA:5,0
LF:2
LH:0
end_of_record
SF:lib\app\modules\splash\spash_module.dart
DA:8,0
DA:9,0
DA:11,0
DA:13,0
DA:16,0
DA:18,0
LF:6
LH:0
end_of_record
SF:lib\main.dart
DA:8,0
DA:9,0
DA:11,0
DA:12,0
DA:13,0
DA:14,0
DA:15,0
LF:7
LH:0
end_of_record
